<?xml version="1.0" encoding="utf-8" standalone="no"?>
<!--This file represents the results of running a test suite-->
<test-results name="C:\net\nhibernate-clean\nhibernate\build\NHibernate-1.2.0.GA\bin\net-2.0\NHibernate.Mapping.Attributes.Test.dll" total="1" failures="0" not-run="0" date="2007-05-03" time="10:44:26">
  <environment nunit-version="2.2.8.0" clr-version="2.0.50727.42" os-version="Microsoft Windows NT 5.1.2600 Service Pack 2" platform="Win32NT" cwd="C:\net\nhibernate-clean\nhibernate" machine-name="SK" user="Sergey" user-domain="SK" />
  <culture-info current-culture="cs-CZ" current-uiculture="en-US" />
  <test-suite name="C:\net\nhibernate-clean\nhibernate\build\NHibernate-1.2.0.GA\bin\net-2.0\NHibernate.Mapping.Attributes.Test.dll" success="True" time="2.031" asserts="0">
    <results>
      <test-suite name="NHibernate" success="True" time="2.016" asserts="0">
        <results>
          <test-suite name="NHibernate.Mapping" success="True" time="2.016" asserts="0">
            <results>
              <test-suite name="NHibernate.Mapping.Attributes" success="True" time="2.016" asserts="0">
                <results>
                  <test-suite name="NHibernate.Mapping.Attributes.Test" success="True" time="2.016" asserts="0">
                    <results>
                      <test-suite name="NHibernate.Mapping.Attributes.Test.Tests" success="True" time="2.016" asserts="0">
                        <results>
                          <test-case name="NHibernate.Mapping.Attributes.Test.Tests.TestSerialization" executed="True" success="True" time="2.016" asserts="0" />
                        </results>
                      </test-suite>
                    </results>
                  </test-suite>
                </results>
              </test-suite>
            </results>
          </test-suite>
        </results>
      </test-suite>
    </results>
  </test-suite>
</test-results>