<?xml version="1.0" encoding="utf-8" standalone="no"?>
<!--This file represents the results of running a test suite-->
<test-results name="C:\net\nhibernate-clean\nhibernate\build\NHibernate-1.2.0.GA\bin\net-2.0\NHibernate.Tool.hbm2net.Tests.dll" total="8" failures="0" not-run="0" date="2007-05-03" time="10:44:30">
  <environment nunit-version="2.2.8.0" clr-version="2.0.50727.42" os-version="Microsoft Windows NT 5.1.2600 Service Pack 2" platform="Win32NT" cwd="C:\net\nhibernate-clean\nhibernate" machine-name="SK" user="Sergey" user-domain="SK" />
  <culture-info current-culture="cs-CZ" current-uiculture="en-US" />
  <test-suite name="C:\net\nhibernate-clean\nhibernate\build\NHibernate-1.2.0.GA\bin\net-2.0\NHibernate.Tool.hbm2net.Tests.dll" success="True" time="1.031" asserts="0">
    <results>
      <test-suite name="NHibernate" success="True" time="1.031" asserts="0">
        <results>
          <test-suite name="NHibernate.Tool" success="True" time="1.031" asserts="0">
            <results>
              <test-suite name="NHibernate.Tool.hbm2net" success="True" time="1.016" asserts="0">
                <results>
                  <test-suite name="NHibernate.Tool.hbm2net.Tests" success="True" time="1.016" asserts="0">
                    <results>
                      <test-suite name="NHibernate.Tool.hbm2net.Tests.ClassNameTests" success="True" time="0.141" asserts="0">
                        <results>
                          <test-case name="NHibernate.Tool.hbm2net.Tests.ClassNameTests.AssemblyNameWithDots" executed="True" success="True" time="0.125" asserts="3" />
                        </results>
                      </test-suite>
                      <test-suite name="NHibernate.Tool.hbm2net.Tests.SimpleMappingFileConfigFileNoOutputArgsTests" success="True" time="0.813" asserts="0">
                        <categories>
                          <category name="Functional Tests" />
                        </categories>
                        <results>
                          <test-case name="NHibernate.Tool.hbm2net.Tests.SimpleMappingFileConfigFileNoOutputArgsTests.TemplateFileRelativeToConfig" executed="True" success="True" time="0.672" asserts="7" />
                          <test-case name="NHibernate.Tool.hbm2net.Tests.SimpleMappingFileConfigFileNoOutputArgsTests.NoTemplateFileParam" executed="True" success="True" time="0.125" asserts="5" />
                          <test-case name="NHibernate.Tool.hbm2net.Tests.SimpleMappingFileConfigFileNoOutputArgsTests.TemplateFileDoesNotExist" executed="True" success="True" time="0.016" asserts="4" />
                        </results>
                      </test-suite>
                      <test-suite name="NHibernate.Tool.hbm2net.Tests.SimpleMappingFileNoConfigNoOutputArgsTests" success="True" time="0.063" asserts="0">
                        <categories>
                          <category name="Functional Tests" />
                        </categories>
                        <results>
                          <test-case name="NHibernate.Tool.hbm2net.Tests.SimpleMappingFileNoConfigNoOutputArgsTests.MappingFileNoPathSameFolderAsCurrentDirectory" executed="True" success="True" time="0.016" asserts="2" />
                          <test-case name="NHibernate.Tool.hbm2net.Tests.SimpleMappingFileNoConfigNoOutputArgsTests.MappingFileInSameFolderAsCurrentDirectory" executed="True" success="True" time="0.016" asserts="3" />
                          <test-case name="NHibernate.Tool.hbm2net.Tests.SimpleMappingFileNoConfigNoOutputArgsTests.MappingFileDoesNotExist" executed="True" success="True" time="0.000" asserts="0" />
                          <test-case name="NHibernate.Tool.hbm2net.Tests.SimpleMappingFileNoConfigNoOutputArgsTests.MappingFileInDifferentFolderThanCurrentDirectory" executed="True" success="True" time="0.016" asserts="2" />
                        </results>
                      </test-suite>
                    </results>
                  </test-suite>
                </results>
              </test-suite>
            </results>
          </test-suite>
        </results>
      </test-suite>
    </results>
  </test-suite>
</test-results>